<?xml version="1.0" encoding="UTF-8"?>
<!-- Generated by org.testng.reporters.JUnitXMLReporter -->
<testsuite ignored="0" hostname="LAPTOP-5KMFOFH9" failures="0" tests="3" name="Default test" time="4.036" errors="0" timestamp="2024-02-01T19:42:19 IST">
  <testcase classname="com.SwagLabs.TestCases.InventoryPageTest" name="verifyProductCount" time="0.04"/>
  <testcase classname="com.SwagLabs.TestCases.InventoryPageTest" name="verifyProductNames" time="0.121"/>
  <testcase classname="com.SwagLabs.TestCases.InventoryPageTest" name="validateAddToCart" time="0.252"/>
</testsuite> <!-- Default test -->
