<?xml version="1.0" encoding="UTF-8"?>
<!-- Generated by org.testng.reporters.JUnitXMLReporter -->
<testsuite ignored="0" hostname="LAPTOP-5KMFOFH9" failures="0" tests="3" name="Default test" time="19.585" errors="0" timestamp="2024-02-02T19:39:31 IST">
  <testcase classname="com.SwagLabs.TestCases.OverviewPageTEst" name="verifyUrl" time="0.042"/>
  <testcase classname="com.SwagLabs.TestCases.OverviewPageTEst" name="verifyProductDetails" time="0.064"/>
  <testcase classname="com.SwagLabs.TestCases.OverviewPageTEst" name="verifyCompleteProcess" time="0.152"/>
</testsuite> <!-- Default test -->
