<?xml version="1.0" encoding="UTF-8"?>
<!-- Generated by org.testng.reporters.JUnitXMLReporter -->
<testsuite ignored="4" hostname="LAPTOP-5KMFOFH9" failures="0" tests="2" name="Test" time="0.098" errors="0" timestamp="2024-01-30T19:19:12 IST">
  <testcase classname="testNgDemo.GroupingTest" name="testCase1" time="0.014"/>
  <testcase classname="testNgDemo.GroupingTest" name="testCase2" time="0.001"/>
  <testcase classname="testNgDemo.GroupingTest" name="testCase5" time="0.0">
    <ignored/>
  </testcase> <!-- testCase5 -->
  <testcase classname="testNgDemo.GroupingTest" name="testCase3" time="0.0">
    <ignored/>
  </testcase> <!-- testCase3 -->
  <testcase classname="testNgDemo.GroupingTest" name="testCase6" time="0.0">
    <ignored/>
  </testcase> <!-- testCase6 -->
  <testcase classname="testNgDemo.GroupingTest" name="testCase4" time="0.0">
    <ignored/>
  </testcase> <!-- testCase4 -->
</testsuite> <!-- Test -->
