<?xml version="1.0" encoding="UTF-8"?>
<testng-results ignored="0" total="3" passed="3" failed="0" skipped="0">
  <reporter-output>
  </reporter-output>
  <suite started-at="2024-02-01T19:42:15 IST" name="Default suite" finished-at="2024-02-01T19:42:19 IST" duration-ms="4036">
    <groups>
    </groups>
    <test started-at="2024-02-01T19:42:15 IST" name="Default test" finished-at="2024-02-01T19:42:19 IST" duration-ms="4036">
      <class name="com.SwagLabs.TestCases.InventoryPageTest">
        <test-method is-config="true" signature="AppSetUp()[pri:0, instance:com.SwagLabs.TestCases.InventoryPageTest@729d991e]" started-at="2024-02-01T19:42:15 IST" name="AppSetUp" finished-at="2024-02-01T19:42:18 IST" duration-ms="3007" status="PASS">
          <reporter-output>
          </reporter-output>
        </test-method> <!-- AppSetUp -->
        <test-method is-config="true" signature="pageSetUp()[pri:0, instance:com.SwagLabs.TestCases.InventoryPageTest@729d991e]" started-at="2024-02-01T19:42:18 IST" name="pageSetUp" finished-at="2024-02-01T19:42:19 IST" duration-ms="568" status="PASS">
          <reporter-output>
          </reporter-output>
        </test-method> <!-- pageSetUp -->
        <test-method signature="verifyProductCount()[pri:1, instance:com.SwagLabs.TestCases.InventoryPageTest@729d991e]" started-at="2024-02-01T19:42:19 IST" name="verifyProductCount" finished-at="2024-02-01T19:42:19 IST" duration-ms="40" status="PASS">
          <reporter-output>
          </reporter-output>
        </test-method> <!-- verifyProductCount -->
        <test-method signature="verifyProductNames()[pri:2, instance:com.SwagLabs.TestCases.InventoryPageTest@729d991e]" started-at="2024-02-01T19:42:19 IST" name="verifyProductNames" finished-at="2024-02-01T19:42:19 IST" duration-ms="121" status="PASS">
          <reporter-output>
          </reporter-output>
        </test-method> <!-- verifyProductNames -->
        <test-method signature="validateAddToCart()[pri:3, instance:com.SwagLabs.TestCases.InventoryPageTest@729d991e]" started-at="2024-02-01T19:42:19 IST" name="validateAddToCart" finished-at="2024-02-01T19:42:19 IST" duration-ms="252" status="PASS">
          <reporter-output>
          </reporter-output>
        </test-method> <!-- validateAddToCart -->
      </class> <!-- com.SwagLabs.TestCases.InventoryPageTest -->
    </test> <!-- Default test -->
  </suite> <!-- Default suite -->
</testng-results>
